c:\users\马文洁\documents\visual studio 2013\projects\seqlist\danlianbiao\debug\vc120.pdb
c:\users\马文洁\documents\visual studio 2013\projects\seqlist\danlianbiao\debug\vc120.idb
c:\users\马文洁\documents\visual studio 2013\projects\seqlist\danlianbiao\debug\sl.obj
c:\users\马文洁\documents\visual studio 2013\projects\seqlist\danlianbiao\debug\test.obj
c:\users\马文洁\documents\visual studio 2013\projects\seqlist\debug\danlianbiao.pdb
c:\users\马文洁\documents\visual studio 2013\projects\seqlist\danlianbiao\debug\danlianbiao.tlog\cl.command.1.tlog
c:\users\马文洁\documents\visual studio 2013\projects\seqlist\danlianbiao\debug\danlianbiao.tlog\cl.read.1.tlog
c:\users\马文洁\documents\visual studio 2013\projects\seqlist\danlianbiao\debug\danlianbiao.tlog\cl.write.1.tlog
c:\users\马文洁\documents\visual studio 2013\projects\seqlist\danlianbiao\debug\danlianbiao.tlog\link-cvtres.read.1.tlog
c:\users\马文洁\documents\visual studio 2013\projects\seqlist\danlianbiao\debug\danlianbiao.tlog\link-cvtres.write.1.tlog
c:\users\马文洁\documents\visual studio 2013\projects\seqlist\danlianbiao\debug\danlianbiao.tlog\link-rc.read.1.tlog
c:\users\马文洁\documents\visual studio 2013\projects\seqlist\danlianbiao\debug\danlianbiao.tlog\link-rc.write.1.tlog
c:\users\马文洁\documents\visual studio 2013\projects\seqlist\danlianbiao\debug\danlianbiao.tlog\link.22720-cvtres.read.1.tlog
c:\users\马文洁\documents\visual studio 2013\projects\seqlist\danlianbiao\debug\danlianbiao.tlog\link.22720-cvtres.write.1.tlog
c:\users\马文洁\documents\visual studio 2013\projects\seqlist\danlianbiao\debug\danlianbiao.tlog\link.22720-rc.read.1.tlog
c:\users\马文洁\documents\visual studio 2013\projects\seqlist\danlianbiao\debug\danlianbiao.tlog\link.22720-rc.write.1.tlog
c:\users\马文洁\documents\visual studio 2013\projects\seqlist\danlianbiao\debug\danlianbiao.tlog\link.22720.read.1.tlog
c:\users\马文洁\documents\visual studio 2013\projects\seqlist\danlianbiao\debug\danlianbiao.tlog\link.22720.write.1.tlog
c:\users\马文洁\documents\visual studio 2013\projects\seqlist\danlianbiao\debug\danlianbiao.tlog\link.command.1.tlog
c:\users\马文洁\documents\visual studio 2013\projects\seqlist\danlianbiao\debug\danlianbiao.tlog\link.read.1.tlog
c:\users\马文洁\documents\visual studio 2013\projects\seqlist\danlianbiao\debug\danlianbiao.tlog\link.write.1.tlog
